SF:lib\app\heart_hate\domain\entity\dog_entity.dart
DA:7,1
DA:14,1
DA:15,4
LF:3
LH:3
end_of_record
SF:lib\app\heart_hate\domain\usecase\create_dog.dart
DA:8,1
DA:10,1
DA:11,1
DA:12,1
DA:15,1
DA:16,0
DA:19,2
LF:7
LH:6
end_of_record
SF:lib\main.dart
DA:4,0
DA:5,0
DA:9,2
DA:11,1
DA:13,1
DA:16,1
DA:17,1
DA:25,1
DA:29,1
DA:30,1
DA:36,1
DA:37,2
DA:38,2
DA:42,1
DA:44,1
DA:45,1
DA:46,3
DA:48,1
DA:49,1
DA:51,1
DA:55,1
DA:56,2
DA:57,3
DA:62,1
DA:63,1
LF:25
LH:23
end_of_record
SF:lib\app\utils\custom_colors.dart
DA:3,3
DA:17,0
DA:18,2
DA:19,2
LF:4
LH:3
end_of_record
